build/app/intermediates/manifest_merge_blame_file/debug/manifest-merger-blame-debug-report.txt
1<?xml version="1.0" encoding="utf-8"?>
2<manifest xmlns:android="http://schemas.android.com/apk/res/android"
3    package="com.sofftechz.softmeet"
4    android:versionCode="5"
5    android:versionName="1.0.4" > <!-- <uses-permission android:name="android.permission.MANAGE_EXTERNAL_STORAGE" /> -->
6    <uses-sdk
7        android:minSdkVersion="24"
8        android:targetSdkVersion="31" />
9    <!--
10         Flutter needs it to communicate with the running application
11         to allow setting breakpoints, to provide hot reload, etc.
12    -->
13    <uses-permission android:name="android.permission.INTERNET" />
13-->src\main\AndroidManifest.xml:132:2-63
13-->src\main\AndroidManifest.xml:132:19-61
14    <uses-permission android:name="android.permission.ACCESS_NETWORK_STATE" />
14-->src\main\AndroidManifest.xml:133:2-76
14-->src\main\AndroidManifest.xml:133:19-73
15    <uses-permission android:name="android.permission.VIBRATE" />
15-->src\main\AndroidManifest.xml:145:2-63
15-->src\main\AndroidManifest.xml:145:19-60
16    <uses-permission android:name="android.permission.ACCESS_FINE_LOCATION" />
16-->src\main\AndroidManifest.xml:134:2-76
16-->src\main\AndroidManifest.xml:134:19-73
17    <uses-permission android:name="android.permission.ACCESS_COARSE_LOCATION" />
17-->src\main\AndroidManifest.xml:135:2-78
17-->src\main\AndroidManifest.xml:135:19-75
18    <uses-permission android:name="android.permission.WRITE_EXTERNAL_STORAGE" />
18-->src\main\AndroidManifest.xml:136:2-77
18-->src\main\AndroidManifest.xml:136:19-75
19    <uses-permission android:name="android.permission.READ_EXTERNAL_STORAGE" />
19-->src\main\AndroidManifest.xml:137:2-76
19-->src\main\AndroidManifest.xml:137:19-74
20    <uses-permission android:name="android.permission.CAMERA" />
20-->src\main\AndroidManifest.xml:138:2-62
20-->src\main\AndroidManifest.xml:138:19-59
21    <uses-permission android:name="android.permission.READ_CONTACTS" />
21-->src\main\AndroidManifest.xml:139:2-69
21-->src\main\AndroidManifest.xml:139:19-66
22    <uses-permission android:name="android.permission.WRITE_CONTACTS" />
22-->src\main\AndroidManifest.xml:140:2-70
22-->src\main\AndroidManifest.xml:140:19-67
23    <uses-permission android:name="android.permission.READ_PHONE_STATE" />
23-->src\main\AndroidManifest.xml:141:2-71
23-->src\main\AndroidManifest.xml:141:19-69
24    <uses-permission android:name="android.permission.RECORD_AUDIO" />
24-->src\main\AndroidManifest.xml:142:2-68
24-->src\main\AndroidManifest.xml:142:19-65
25    <uses-permission android:name="android.permission.MODIFY_AUDIO_SETTINGS" />
25-->src\main\AndroidManifest.xml:143:2-77
25-->src\main\AndroidManifest.xml:143:19-74
26    <uses-permission android:name="android.permission.BLUETOOTH" />
26-->src\main\AndroidManifest.xml:144:2-65
26-->src\main\AndroidManifest.xml:144:19-62
27    <!-- <uses-permission android:name="android.permission.MANAGE_EXTERNAL_STORAGE" /> -->
28    <queries>
28-->src\main\AndroidManifest.xml:5:2-13:12
29        <intent>
29-->src\main\AndroidManifest.xml:6:3-8:12
30            <action android:name="android.media.action.IMAGE_CAPTURE" />
30-->src\main\AndroidManifest.xml:7:4-64
30-->src\main\AndroidManifest.xml:7:12-61
31        </intent>
32        <intent>
32-->src\main\AndroidManifest.xml:9:3-12:12
33            <action android:name="android.intent.action.VIEW" />
33-->src\main\AndroidManifest.xml:10:4-56
33-->src\main\AndroidManifest.xml:10:12-53
34
35            <data android:scheme="https" />
35-->src\main\AndroidManifest.xml:11:4-35
35-->src\main\AndroidManifest.xml:11:10-32
36        </intent>
37        <intent>
37-->[:cr_file_saver] AndroidManifest.xml:10:9-16:18
38            <action android:name="android.intent.action.CREATE_DOCUMENT" />
38-->[:cr_file_saver] AndroidManifest.xml:11:13-76
38-->[:cr_file_saver] AndroidManifest.xml:11:21-73
39
40            <data android:mimeType="*/*" />
40-->src\main\AndroidManifest.xml:11:4-35
41
42            <category android:name="android.intent.category.OPENABLE" />
42-->[:cr_file_saver] AndroidManifest.xml:15:13-73
42-->[:cr_file_saver] AndroidManifest.xml:15:23-70
43        </intent>
44        <intent>
44-->[:contacts_service] AndroidManifest.xml:10:9-12:18
45            <action android:name="android.accounts.AccountAuthenticator" />
45-->[:contacts_service] AndroidManifest.xml:11:13-76
45-->[:contacts_service] AndroidManifest.xml:11:21-73
46        </intent> <!-- Allows the app to load an icon corresponding to the custom MIME type. -->
47        <intent>
47-->[:contacts_service] AndroidManifest.xml:14:9-21:18
48            <action android:name="android.intent.action.VIEW" />
48-->src\main\AndroidManifest.xml:10:4-56
48-->src\main\AndroidManifest.xml:10:12-53
49
50            <data
50-->src\main\AndroidManifest.xml:11:4-35
51                android:host="com.android.contacts"
52                android:mimeType="vnd.android.cursor.item/*"
53                android:scheme="content" />
53-->src\main\AndroidManifest.xml:11:10-32
54        </intent>
55        <intent>
55-->[:file_picker] AndroidManifest.xml:12:9-16:18
56            <action android:name="android.intent.action.GET_CONTENT" />
56-->[:file_picker] AndroidManifest.xml:13:13-72
56-->[:file_picker] AndroidManifest.xml:13:21-69
57
58            <data android:mimeType="*/*" />
58-->src\main\AndroidManifest.xml:11:4-35
59        </intent> <!-- For browser content -->
60        <intent>
60-->[com.google.android.gms:play-services-ads-lite:21.0.0] AndroidManifest.xml:31:9-37:18
61            <action android:name="android.intent.action.VIEW" />
61-->src\main\AndroidManifest.xml:10:4-56
61-->src\main\AndroidManifest.xml:10:12-53
62
63            <category android:name="android.intent.category.BROWSABLE" />
63-->[com.google.firebase:firebase-auth:21.1.0] AndroidManifest.xml:37:17-78
63-->[com.google.firebase:firebase-auth:21.1.0] AndroidManifest.xml:37:27-75
64
65            <data android:scheme="https" />
65-->src\main\AndroidManifest.xml:11:4-35
65-->src\main\AndroidManifest.xml:11:10-32
66        </intent> <!-- End of browser content -->
67        <!-- For CustomTabsService -->
68        <intent>
68-->[com.google.android.gms:play-services-ads-lite:21.0.0] AndroidManifest.xml:40:9-42:18
69            <action android:name="android.support.customtabs.action.CustomTabsService" />
69-->[com.google.android.gms:play-services-ads-lite:21.0.0] AndroidManifest.xml:41:13-90
69-->[com.google.android.gms:play-services-ads-lite:21.0.0] AndroidManifest.xml:41:21-87
70        </intent>
71        <intent>
71-->[androidx.media2:media2-session:1.2.0] AndroidManifest.xml:25:9-27:18
72            <action android:name="android.media.browse.MediaBrowserService" />
72-->[androidx.media2:media2-session:1.2.0] AndroidManifest.xml:26:13-79
72-->[androidx.media2:media2-session:1.2.0] AndroidManifest.xml:26:21-76
73        </intent>
74        <intent>
74-->[androidx.media2:media2-session:1.2.0] AndroidManifest.xml:28:9-30:18
75            <action android:name="androidx.media2.session.MediaSessionService" />
75-->[androidx.media2:media2-session:1.2.0] AndroidManifest.xml:29:13-82
75-->[androidx.media2:media2-session:1.2.0] AndroidManifest.xml:29:21-79
76        </intent>
77        <intent>
77-->[androidx.media2:media2-session:1.2.0] AndroidManifest.xml:31:9-33:18
78            <action android:name="androidx.media2.session.MediaLibraryService" />
78-->[androidx.media2:media2-session:1.2.0] AndroidManifest.xml:32:13-82
78-->[androidx.media2:media2-session:1.2.0] AndroidManifest.xml:32:21-79
79        </intent>
80    </queries>
81
82    <uses-permission android:name="android.permission.RECEIVE_BOOT_COMPLETED" />
82-->[:flutter_local_notifications] AndroidManifest.xml:9:5-81
82-->[:flutter_local_notifications] AndroidManifest.xml:9:22-78
83    <uses-permission android:name="android.permission.USE_FULL_SCREEN_INTENT" />
83-->[:flutter_local_notifications] AndroidManifest.xml:11:5-81
83-->[:flutter_local_notifications] AndroidManifest.xml:11:22-78
84    <uses-permission android:name="android.permission.SCHEDULE_EXACT_ALARM" />
84-->[:flutter_local_notifications] AndroidManifest.xml:12:5-79
84-->[:flutter_local_notifications] AndroidManifest.xml:12:22-76
85    <uses-permission android:name="android.permission.POST_NOTIFICATIONS" />
85-->[:flutter_local_notifications] AndroidManifest.xml:13:5-77
85-->[:flutter_local_notifications] AndroidManifest.xml:13:22-74
86    <uses-permission android:name="android.permission.ACCESS_WIFI_STATE" />
86-->[:agora_rtc_engine] AndroidManifest.xml:17:5-76
86-->[:agora_rtc_engine] AndroidManifest.xml:17:22-73
87    <uses-permission android:name="android.permission.READ_PRIVILEGED_PHONE_STATE" />
87-->[:agora_rtc_engine] AndroidManifest.xml:19:5-21:47
87-->[:agora_rtc_engine] AndroidManifest.xml:20:9-70
88    <uses-permission android:name="android.permission.WAKE_LOCK" />
88-->[:firebase_messaging] AndroidManifest.xml:10:5-68
88-->[:firebase_messaging] AndroidManifest.xml:10:22-65
89    <uses-permission android:name="android.permission.USE_BIOMETRIC" /> <!-- suppress DeprecatedClassUsageInspection -->
89-->[:local_auth_android] AndroidManifest.xml:9:5-72
89-->[:local_auth_android] AndroidManifest.xml:9:22-69
90    <uses-permission android:name="android.permission.USE_FINGERPRINT" /> <!-- Required by older versions of Google Play services to create IID tokens -->
90-->[androidx.biometric:biometric:1.1.0] AndroidManifest.xml:27:5-74
90-->[androidx.biometric:biometric:1.1.0] AndroidManifest.xml:27:22-71
91    <uses-permission android:name="com.google.android.c2dm.permission.RECEIVE" />
91-->[com.google.firebase:firebase-messaging:23.1.0] AndroidManifest.xml:28:5-82
91-->[com.google.firebase:firebase-messaging:23.1.0] AndroidManifest.xml:28:22-79
92    <uses-permission android:name="com.google.android.gms.permission.AD_ID" />
92-->[com.google.android.gms:play-services-measurement-api:21.2.0] AndroidManifest.xml:25:5-79
92-->[com.google.android.gms:play-services-measurement-api:21.2.0] AndroidManifest.xml:25:22-76
93    <uses-permission android:name="com.google.android.finsky.permission.BIND_GET_INSTALL_REFERRER_SERVICE" />
93-->[com.google.android.gms:play-services-measurement:21.2.0] AndroidManifest.xml:26:5-110
93-->[com.google.android.gms:play-services-measurement:21.2.0] AndroidManifest.xml:26:22-107
94    <uses-permission android:name="android.permission.FOREGROUND_SERVICE" />
94-->[androidx.work:work-runtime:2.7.0] AndroidManifest.xml:28:5-77
94-->[androidx.work:work-runtime:2.7.0] AndroidManifest.xml:28:22-74
95
96    <permission
96-->[androidx.core:core:1.9.0] AndroidManifest.xml:22:5-24:47
97        android:name="com.sofftechz.softmeet.DYNAMIC_RECEIVER_NOT_EXPORTED_PERMISSION"
97-->[androidx.core:core:1.9.0] AndroidManifest.xml:23:9-81
98        android:protectionLevel="signature" />
98-->[androidx.core:core:1.9.0] AndroidManifest.xml:24:9-44
99
100    <uses-permission android:name="com.sofftechz.softmeet.DYNAMIC_RECEIVER_NOT_EXPORTED_PERMISSION" />
100-->[androidx.core:core:1.9.0] AndroidManifest.xml:26:5-97
100-->[androidx.core:core:1.9.0] AndroidManifest.xml:26:22-94
101
102    <application
103        android:name="android.app.Application"
104        android:allowBackup="false"
105        android:appComponentFactory="androidx.core.app.CoreComponentFactory"
105-->[androidx.core:core:1.9.0] AndroidManifest.xml:28:18-86
106        android:debuggable="true"
107        android:extractNativeLibs="false"
108        android:fullBackupOnly="false"
109        android:icon="@mipmap/ic_launcher"
110        android:label="Softmeet"
111        android:requestLegacyExternalStorage="true" >
112        <meta-data
113            android:name="com.google.firebase.messaging.default_notification_icon"
114            android:exported="true"
115            android:resource="@drawable/transparent" />
116        <meta-data
117            android:name="com.google.firebase.messaging.default_notification_color"
118            android:exported="true"
119            android:resource="@color/colorAccent" />
120
121        <activity
122            android:name="com.sofftechz.softmeet.MainActivity"
123            android:configChanges="orientation|keyboardHidden|keyboard|screenSize|smallestScreenSize|locale|layoutDirection|fontScale|screenLayout|density|uiMode"
124            android:exported="true"
125            android:hardwareAccelerated="true"
126            android:launchMode="singleTop"
127            android:requestLegacyExternalStorage="true"
128            android:theme="@style/LaunchTheme"
129            android:windowSoftInputMode="adjustResize" >
130
131            <!--
132    android:showWhenLocked="true"
133    android:turnScreenOn="true"
134            -->
135            <!--
136                 Specifies an Android theme to apply to this Activity as soon as
137                 the Android process has started. This theme is visible to the user
138                 while the Flutter UI initializes. After that, this theme continues
139                 to determine the Window background behind the Flutter UI.
140            -->
141            <meta-data
142                android:name="io.flutter.embedding.android.NormalTheme"
143                android:exported="true"
144                android:resource="@style/NormalTheme" />
145            <!--
146                 Displays an Android View that continues showing the launch screen
147                 Drawable until Flutter paints its first frame, then this splash
148                 screen fades out. A splash screen is useful to avoid any visual
149                 gap between the end of Android's launch screen and the painting of
150                 Flutter's first frame.
151            -->
152            <meta-data
153                android:name="io.flutter.embedding.android.SplashScreenDrawable"
154                android:exported="true"
155                android:resource="@drawable/launch_background" />
156
157            <intent-filter>
158                <action android:name="android.intent.action.MAIN" />
159
160                <category android:name="android.intent.category.LAUNCHER" />
161            </intent-filter>
162            <intent-filter>
163                <action android:name="FLUTTER_NOTIFICATION_CLICK" />
164
165                <category android:name="android.intent.category.DEFAULT" />
165-->[com.google.firebase:firebase-auth:21.1.0] AndroidManifest.xml:36:17-76
165-->[com.google.firebase:firebase-auth:21.1.0] AndroidManifest.xml:36:27-73
166            </intent-filter>
167            <!-- Add this filter, if you want to support sharing text into your app -->
168            <intent-filter>
169                <action android:name="android.intent.action.SEND" />
170
171                <category android:name="android.intent.category.DEFAULT" />
171-->[com.google.firebase:firebase-auth:21.1.0] AndroidManifest.xml:36:17-76
171-->[com.google.firebase:firebase-auth:21.1.0] AndroidManifest.xml:36:27-73
172
173                <data android:mimeType="text/*" />
173-->src\main\AndroidManifest.xml:11:4-35
174            </intent-filter>
175            <intent-filter>
176                <action android:name="android.intent.action.SEND_MULTIPLE" />
177
178                <category android:name="android.intent.category.DEFAULT" />
178-->[com.google.firebase:firebase-auth:21.1.0] AndroidManifest.xml:36:17-76
178-->[com.google.firebase:firebase-auth:21.1.0] AndroidManifest.xml:36:27-73
179
180                <data android:mimeType="text/*" />
180-->src\main\AndroidManifest.xml:11:4-35
181            </intent-filter>
182            <!-- Add this filter, if you want to support sharing images into your app -->
183            <intent-filter>
184                <action android:name="android.intent.action.SEND" />
185
186                <category android:name="android.intent.category.DEFAULT" />
186-->[com.google.firebase:firebase-auth:21.1.0] AndroidManifest.xml:36:17-76
186-->[com.google.firebase:firebase-auth:21.1.0] AndroidManifest.xml:36:27-73
187
188                <data android:mimeType="image/*" />
188-->src\main\AndroidManifest.xml:11:4-35
189            </intent-filter>
190            <intent-filter>
191                <action android:name="android.intent.action.SEND_MULTIPLE" />
192
193                <category android:name="android.intent.category.DEFAULT" />
193-->[com.google.firebase:firebase-auth:21.1.0] AndroidManifest.xml:36:17-76
193-->[com.google.firebase:firebase-auth:21.1.0] AndroidManifest.xml:36:27-73
194
195                <data android:mimeType="image/*" />
195-->src\main\AndroidManifest.xml:11:4-35
196            </intent-filter>
197            <!-- Add this filter, if you want to support sharing videos into your app -->
198            <intent-filter>
199                <action android:name="android.intent.action.SEND" />
200
201                <category android:name="android.intent.category.DEFAULT" />
201-->[com.google.firebase:firebase-auth:21.1.0] AndroidManifest.xml:36:17-76
201-->[com.google.firebase:firebase-auth:21.1.0] AndroidManifest.xml:36:27-73
202
203                <data android:mimeType="video/*" />
203-->src\main\AndroidManifest.xml:11:4-35
204            </intent-filter>
205            <!-- Add this filter, if you want to support sharing any type of files -->
206            <intent-filter>
207                <action android:name="android.intent.action.SEND" />
208
209                <category android:name="android.intent.category.DEFAULT" />
209-->[com.google.firebase:firebase-auth:21.1.0] AndroidManifest.xml:36:17-76
209-->[com.google.firebase:firebase-auth:21.1.0] AndroidManifest.xml:36:27-73
210
211                <data android:mimeType="*/*" />
211-->src\main\AndroidManifest.xml:11:4-35
212            </intent-filter>
213            <intent-filter>
214                <action android:name="android.intent.action.SEND_MULTIPLE" />
215
216                <category android:name="android.intent.category.DEFAULT" />
216-->[com.google.firebase:firebase-auth:21.1.0] AndroidManifest.xml:36:17-76
216-->[com.google.firebase:firebase-auth:21.1.0] AndroidManifest.xml:36:27-73
217
218                <data android:mimeType="*/*" />
218-->src\main\AndroidManifest.xml:11:4-35
219            </intent-filter>
220        </activity>
221        <!--
222             Don't delete the meta-data below.
223             This is used by the Flutter tool to generate GeneratedPluginRegistrant.java
224        -->
225        <meta-data
226            android:name="com.google.firebase.messaging.default_notification_channel_id"
227            android:exported="true"
228            android:value="@string/default_notification_channel_id" />
229        <meta-data
230            android:name="flutterEmbedding"
231            android:value="2" />
232        <meta-data
233            android:name="com.google.android.gms.ads.APPLICATION_ID"
234            android:exported="true"
235            android:value="ca-app-pub-3940256099942544~3347511713" />
236        <!-- Sample AdMob App ID: ca-app-pub-3940256099942544~3347511713 -->
237        <meta-data
238            android:name="com.google.mlkit.vision.DEPENDENCIES"
239            android:value="langid" />
240        <!-- To use multiple models: android:value="langid,model2,model3" -->
241        <receiver
241-->[:flutter_local_notifications] AndroidManifest.xml:16:9-18:40
242            android:name="com.dexterous.flutterlocalnotifications.ActionBroadcastReceiver"
242-->[:flutter_local_notifications] AndroidManifest.xml:17:13-91
243            android:exported="false" />
243-->[:flutter_local_notifications] AndroidManifest.xml:18:13-37
244        <receiver
244-->[:flutter_local_notifications] AndroidManifest.xml:19:9-21:40
245            android:name="com.dexterous.flutterlocalnotifications.ScheduledNotificationReceiver"
245-->[:flutter_local_notifications] AndroidManifest.xml:20:13-97
246            android:exported="false" />
246-->[:flutter_local_notifications] AndroidManifest.xml:21:13-37
247        <receiver
247-->[:flutter_local_notifications] AndroidManifest.xml:22:9-31:20
248            android:name="com.dexterous.flutterlocalnotifications.ScheduledNotificationBootReceiver"
248-->[:flutter_local_notifications] AndroidManifest.xml:23:13-101
249            android:exported="false" >
249-->[:flutter_local_notifications] AndroidManifest.xml:24:13-37
250            <intent-filter>
250-->[:flutter_local_notifications] AndroidManifest.xml:25:13-30:29
251                <action android:name="android.intent.action.BOOT_COMPLETED" />
251-->[:flutter_local_notifications] AndroidManifest.xml:26:17-79
251-->[:flutter_local_notifications] AndroidManifest.xml:26:25-76
252                <action android:name="android.intent.action.MY_PACKAGE_REPLACED" />
252-->[:flutter_local_notifications] AndroidManifest.xml:27:17-84
252-->[:flutter_local_notifications] AndroidManifest.xml:27:25-81
253                <action android:name="android.intent.action.QUICKBOOT_POWERON" />
253-->[:flutter_local_notifications] AndroidManifest.xml:28:17-82
253-->[:flutter_local_notifications] AndroidManifest.xml:28:25-79
254                <action android:name="com.htc.intent.action.QUICKBOOT_POWERON" />
254-->[:flutter_local_notifications] AndroidManifest.xml:29:17-82
254-->[:flutter_local_notifications] AndroidManifest.xml:29:25-79
255            </intent-filter>
256        </receiver>
257
258        <meta-data
258-->[:google_mobile_ads] AndroidManifest.xml:12:9-14:36
259            android:name="io.flutter.embedded_views_preview"
259-->[:google_mobile_ads] AndroidManifest.xml:13:13-61
260            android:value="true" />
260-->[:google_mobile_ads] AndroidManifest.xml:14:13-33
261
262        <provider
262-->[:image_picker_android] AndroidManifest.xml:10:9-18:20
263            android:name="io.flutter.plugins.imagepicker.ImagePickerFileProvider"
263-->[:image_picker_android] AndroidManifest.xml:11:13-82
264            android:authorities="com.sofftechz.softmeet.flutter.image_provider"
264-->[:image_picker_android] AndroidManifest.xml:12:13-74
265            android:exported="false"
265-->[:image_picker_android] AndroidManifest.xml:13:13-37
266            android:grantUriPermissions="true" >
266-->[:image_picker_android] AndroidManifest.xml:14:13-47
267            <meta-data
267-->[:image_picker_android] AndroidManifest.xml:15:13-17:75
268                android:name="android.support.FILE_PROVIDER_PATHS"
268-->[:image_picker_android] AndroidManifest.xml:16:17-67
269                android:resource="@xml/flutter_image_picker_file_paths" />
269-->[:image_picker_android] AndroidManifest.xml:17:17-72
270        </provider>
271
272        <service
272-->[:firebase_messaging] AndroidManifest.xml:16:9-19:72
273            android:name="io.flutter.plugins.firebase.messaging.FlutterFirebaseMessagingBackgroundService"
273-->[:firebase_messaging] AndroidManifest.xml:17:13-107
274            android:exported="false"
274-->[:firebase_messaging] AndroidManifest.xml:18:13-37
275            android:permission="android.permission.BIND_JOB_SERVICE" />
275-->[:firebase_messaging] AndroidManifest.xml:19:13-69
276        <service
276-->[:firebase_messaging] AndroidManifest.xml:20:9-26:19
277            android:name="io.flutter.plugins.firebase.messaging.FlutterFirebaseMessagingService"
277-->[:firebase_messaging] AndroidManifest.xml:21:13-97
278            android:exported="false" >
278-->[:firebase_messaging] AndroidManifest.xml:22:13-37
279            <intent-filter>
279-->[:firebase_messaging] AndroidManifest.xml:23:13-25:29
280                <action android:name="com.google.firebase.MESSAGING_EVENT" />
280-->[:firebase_messaging] AndroidManifest.xml:24:17-78
280-->[:firebase_messaging] AndroidManifest.xml:24:25-75
281            </intent-filter>
282        </service>
283
284        <receiver
284-->[:firebase_messaging] AndroidManifest.xml:28:9-35:20
285            android:name="io.flutter.plugins.firebase.messaging.FlutterFirebaseMessagingReceiver"
285-->[:firebase_messaging] AndroidManifest.xml:29:13-98
286            android:exported="true"
286-->[:firebase_messaging] AndroidManifest.xml:30:13-36
287            android:permission="com.google.android.c2dm.permission.SEND" >
287-->[:firebase_messaging] AndroidManifest.xml:31:13-73
288            <intent-filter>
288-->[:firebase_messaging] AndroidManifest.xml:32:13-34:29
289                <action android:name="com.google.android.c2dm.intent.RECEIVE" />
289-->[:firebase_messaging] AndroidManifest.xml:33:17-81
289-->[:firebase_messaging] AndroidManifest.xml:33:25-78
290            </intent-filter>
291        </receiver>
292
293        <service
293-->[:firebase_messaging] AndroidManifest.xml:37:9-41:19
294            android:name="com.google.firebase.components.ComponentDiscoveryService"
294-->[:firebase_messaging] AndroidManifest.xml:37:18-89
295            android:directBootAware="true"
295-->[com.google.firebase:firebase-common:20.2.0] AndroidManifest.xml:34:13-43
296            android:exported="false" >
296-->[com.google.firebase:firebase-auth:21.1.0] AndroidManifest.xml:66:13-37
297            <meta-data
297-->[:firebase_messaging] AndroidManifest.xml:38:13-40:85
298                android:name="com.google.firebase.components:io.flutter.plugins.firebase.messaging.FlutterFirebaseAppRegistrar"
298-->[:firebase_messaging] AndroidManifest.xml:39:17-128
299                android:value="com.google.firebase.components.ComponentRegistrar" />
299-->[:firebase_messaging] AndroidManifest.xml:40:17-82
300            <meta-data
300-->[:firebase_storage] AndroidManifest.xml:11:13-13:85
301                android:name="com.google.firebase.components:io.flutter.plugins.firebase.storage.FlutterFirebaseAppRegistrar"
301-->[:firebase_storage] AndroidManifest.xml:12:17-126
302                android:value="com.google.firebase.components.ComponentRegistrar" />
302-->[:firebase_storage] AndroidManifest.xml:13:17-82
303            <meta-data
303-->[:firebase_crashlytics] AndroidManifest.xml:11:13-13:85
304                android:name="com.google.firebase.components:io.flutter.plugins.firebase.crashlytics.FlutterFirebaseAppRegistrar"
304-->[:firebase_crashlytics] AndroidManifest.xml:12:17-130
305                android:value="com.google.firebase.components.ComponentRegistrar" />
305-->[:firebase_crashlytics] AndroidManifest.xml:13:17-82
306            <meta-data
306-->[:cloud_firestore] AndroidManifest.xml:11:13-13:85
307                android:name="com.google.firebase.components:io.flutter.plugins.firebase.firestore.FlutterFirebaseFirestoreRegistrar"
307-->[:cloud_firestore] AndroidManifest.xml:12:17-134
308                android:value="com.google.firebase.components.ComponentRegistrar" />
308-->[:cloud_firestore] AndroidManifest.xml:13:17-82
309            <meta-data
309-->[:firebase_auth] AndroidManifest.xml:11:13-13:85
310                android:name="com.google.firebase.components:io.flutter.plugins.firebase.auth.FlutterFirebaseAuthRegistrar"
310-->[:firebase_auth] AndroidManifest.xml:12:17-124
311                android:value="com.google.firebase.components.ComponentRegistrar" />
311-->[:firebase_auth] AndroidManifest.xml:13:17-82
312            <meta-data
312-->[:firebase_core] AndroidManifest.xml:11:13-13:85
313                android:name="com.google.firebase.components:io.flutter.plugins.firebase.core.FlutterFirebaseCoreRegistrar"
313-->[:firebase_core] AndroidManifest.xml:12:17-124
314                android:value="com.google.firebase.components.ComponentRegistrar" />
314-->[:firebase_core] AndroidManifest.xml:13:17-82
315            <meta-data
315-->[com.google.firebase:firebase-auth:21.1.0] AndroidManifest.xml:67:13-69:85
316                android:name="com.google.firebase.components:com.google.firebase.auth.FirebaseAuthRegistrar"
316-->[com.google.firebase:firebase-auth:21.1.0] AndroidManifest.xml:68:17-109
317                android:value="com.google.firebase.components.ComponentRegistrar" />
317-->[com.google.firebase:firebase-auth:21.1.0] AndroidManifest.xml:69:17-82
318            <meta-data
318-->[com.google.firebase:firebase-messaging:23.1.0] AndroidManifest.xml:55:13-57:85
319                android:name="com.google.firebase.components:com.google.firebase.messaging.FirebaseMessagingRegistrar"
319-->[com.google.firebase:firebase-messaging:23.1.0] AndroidManifest.xml:56:17-119
320                android:value="com.google.firebase.components.ComponentRegistrar" />
320-->[com.google.firebase:firebase-messaging:23.1.0] AndroidManifest.xml:57:17-82
321            <meta-data
321-->[com.google.firebase:firebase-storage:20.1.0] AndroidManifest.xml:32:13-34:85
322                android:name="com.google.firebase.components:com.google.firebase.storage.StorageRegistrar"
322-->[com.google.firebase:firebase-storage:20.1.0] AndroidManifest.xml:33:17-107
323                android:value="com.google.firebase.components.ComponentRegistrar" />
323-->[com.google.firebase:firebase-storage:20.1.0] AndroidManifest.xml:34:17-82
324            <meta-data
324-->[com.google.firebase:firebase-firestore:24.4.0] AndroidManifest.xml:19:13-21:85
325                android:name="com.google.firebase.components:com.google.firebase.firestore.FirestoreRegistrar"
325-->[com.google.firebase:firebase-firestore:24.4.0] AndroidManifest.xml:20:17-111
326                android:value="com.google.firebase.components.ComponentRegistrar" />
326-->[com.google.firebase:firebase-firestore:24.4.0] AndroidManifest.xml:21:17-82
327            <meta-data
327-->[com.google.firebase:firebase-iid:21.1.0] AndroidManifest.xml:32:13-34:85
328                android:name="com.google.firebase.components:com.google.firebase.iid.Registrar"
328-->[com.google.firebase:firebase-iid:21.1.0] AndroidManifest.xml:33:17-96
329                android:value="com.google.firebase.components.ComponentRegistrar" />
329-->[com.google.firebase:firebase-iid:21.1.0] AndroidManifest.xml:34:17-82
330            <meta-data